<?xml version="1.0" encoding="UTF-8"?>
<testsuite name="org.nanohttpd.junit.router.TestNanolets" time="1.1" tests="37" errors="0" skipped="0" failures="0">
  <properties>
    <property name="java.runtime.name" value="Java(TM) SE Runtime Environment"/>
    <property name="sun.boot.library.path" value="/usr/lib/jvm/java-8-oracle/jre/lib/amd64"/>
    <property name="java.vm.version" value="25.111-b14"/>
    <property name="java.vm.vendor" value="Oracle Corporation"/>
    <property name="maven.multiModuleProjectDirectory" value="/home/andrii/git/JustForFunPROJECTS/WebServers/nanohttpd"/>
    <property name="java.vendor.url" value="http://java.oracle.com/"/>
    <property name="path.separator" value=":"/>
    <property name="guice.disable.misplaced.annotation.check" value="true"/>
    <property name="java.vm.name" value="Java HotSpot(TM) 64-Bit Server VM"/>
    <property name="file.encoding.pkg" value="sun.io"/>
    <property name="user.country" value="US"/>
    <property name="sun.java.launcher" value="SUN_STANDARD"/>
    <property name="sun.os.patch.level" value="unknown"/>
    <property name="java.vm.specification.name" value="Java Virtual Machine Specification"/>
    <property name="user.dir" value="/home/andrii/git/JustForFunPROJECTS/WebServers/nanohttpd"/>
    <property name="java.runtime.version" value="1.8.0_111-b14"/>
    <property name="java.awt.graphicsenv" value="sun.awt.X11GraphicsEnvironment"/>
    <property name="java.endorsed.dirs" value="/usr/lib/jvm/java-8-oracle/jre/lib/endorsed"/>
    <property name="os.arch" value="amd64"/>
    <property name="java.io.tmpdir" value="/tmp"/>
    <property name="line.separator" value="&#10;"/>
    <property name="java.vm.specification.vendor" value="Oracle Corporation"/>
    <property name="os.name" value="Linux"/>
    <property name="classworlds.conf" value="/usr/share/maven/bin/m2.conf"/>
    <property name="sun.jnu.encoding" value="UTF-8"/>
    <property name="java.library.path" value="/usr/java/packages/lib/amd64:/usr/lib64:/lib64:/lib:/usr/lib"/>
    <property name="java.specification.name" value="Java Platform API Specification"/>
    <property name="java.class.version" value="52.0"/>
    <property name="sun.management.compiler" value="HotSpot 64-Bit Tiered Compilers"/>
    <property name="os.version" value="4.4.0-47-generic"/>
    <property name="user.home" value="/home/andrii"/>
    <property name="user.timezone" value="Europe/Kiev"/>
    <property name="java.awt.printerjob" value="sun.print.PSPrinterJob"/>
    <property name="file.encoding" value="UTF-8"/>
    <property name="java.specification.version" value="1.8"/>
    <property name="user.name" value="andrii"/>
    <property name="java.class.path" value="/usr/share/maven/boot/plexus-classworlds-2.x.jar"/>
    <property name="java.vm.specification.version" value="1.8"/>
    <property name="sun.arch.data.model" value="64"/>
    <property name="java.home" value="/usr/lib/jvm/java-8-oracle/jre"/>
    <property name="sun.java.command" value="org.codehaus.plexus.classworlds.launcher.Launcher install"/>
    <property name="java.specification.vendor" value="Oracle Corporation"/>
    <property name="user.language" value="en"/>
    <property name="awt.toolkit" value="sun.awt.X11.XToolkit"/>
    <property name="java.vm.info" value="mixed mode"/>
    <property name="java.version" value="1.8.0_111"/>
    <property name="java.ext.dirs" value="/usr/lib/jvm/java-8-oracle/jre/lib/ext:/usr/java/packages/lib/ext"/>
    <property name="securerandom.source" value="file:/dev/./urandom"/>
    <property name="sun.boot.class.path" value="/usr/lib/jvm/java-8-oracle/jre/lib/resources.jar:/usr/lib/jvm/java-8-oracle/jre/lib/rt.jar:/usr/lib/jvm/java-8-oracle/jre/lib/sunrsasign.jar:/usr/lib/jvm/java-8-oracle/jre/lib/jsse.jar:/usr/lib/jvm/java-8-oracle/jre/lib/jce.jar:/usr/lib/jvm/java-8-oracle/jre/lib/charsets.jar:/usr/lib/jvm/java-8-oracle/jre/lib/jfr.jar:/usr/lib/jvm/java-8-oracle/jre/classes"/>
    <property name="java.vendor" value="Oracle Corporation"/>
    <property name="maven.home" value="/usr/share/maven"/>
    <property name="file.separator" value="/"/>
    <property name="java.vendor.url.bug" value="http://bugreport.sun.com/bugreport/"/>
    <property name="sun.cpu.endian" value="little"/>
    <property name="sun.io.unicode.encoding" value="UnicodeLittle"/>
    <property name="sun.desktop" value="gnome"/>
    <property name="sun.cpu.isalist" value=""/>
  </properties>
  <testcase name="doSomeBasicMethodTest" classname="org.nanohttpd.junit.router.TestNanolets" time="0.821"/>
  <testcase name="testIndexHandlerGetStatus" classname="org.nanohttpd.junit.router.TestNanolets" time="0"/>
  <testcase name="testProvidedPriorityRoutePrioritizer" classname="org.nanohttpd.junit.router.TestNanolets" time="0.017"/>
  <testcase name="doDeletedRoute" classname="org.nanohttpd.junit.router.TestNanolets" time="0.018"/>
  <testcase name="testInsertionOrderRoutePrioritizer" classname="org.nanohttpd.junit.router.TestNanolets" time="0.013"/>
  <testcase name="testError404UriHandlerGetStatus" classname="org.nanohttpd.junit.router.TestNanolets" time="0"/>
  <testcase name="testProvidedPriorityRoutePrioritizerNullHandler" classname="org.nanohttpd.junit.router.TestNanolets" time="0.001"/>
  <testcase name="doExceptionRequest" classname="org.nanohttpd.junit.router.TestNanolets" time="0.011"/>
  <testcase name="testStaticPageHandlerGetStatus" classname="org.nanohttpd.junit.router.TestNanolets" time="0"/>
  <testcase name="testUriResourceComparator" classname="org.nanohttpd.junit.router.TestNanolets" time="0.001"/>
  <testcase name="doUriSelection1" classname="org.nanohttpd.junit.router.TestNanolets" time="0.011"/>
  <testcase name="doGeneralParams" classname="org.nanohttpd.junit.router.TestNanolets" time="0.014"/>
  <testcase name="testBaseRoutePrioritizerAddNullRoute" classname="org.nanohttpd.junit.router.TestNanolets" time="0"/>
  <testcase name="checkIniParameter1" classname="org.nanohttpd.junit.router.TestNanolets" time="0"/>
  <testcase name="checkIniParameter2" classname="org.nanohttpd.junit.router.TestNanolets" time="0.001"/>
  <testcase name="testUriResourceMatch" classname="org.nanohttpd.junit.router.TestNanolets" time="0"/>
  <testcase name="testProvidedPriorityRoutePrioritizerNullUri" classname="org.nanohttpd.junit.router.TestNanolets" time="0"/>
  <testcase name="testNotImplementedHandlerGetStatus" classname="org.nanohttpd.junit.router.TestNanolets" time="0"/>
  <testcase name="testGeneralHandlerGetStatus" classname="org.nanohttpd.junit.router.TestNanolets" time="0"/>
  <testcase name="testNotImplementedHandlerGetMimeType" classname="org.nanohttpd.junit.router.TestNanolets" time="0"/>
  <testcase name="testHandlerSetters" classname="org.nanohttpd.junit.router.TestNanolets" time="0.002"/>
  <testcase name="doIndexHandler" classname="org.nanohttpd.junit.router.TestNanolets" time="0.013"/>
  <testcase name="normalize" classname="org.nanohttpd.junit.router.TestNanolets" time="0"/>
  <testcase name="doEncodedRequest" classname="org.nanohttpd.junit.router.TestNanolets" time="0.006"/>
  <testcase name="illegalMethod1" classname="org.nanohttpd.junit.router.TestNanolets" time="0.001"/>
  <testcase name="illegalMethod2" classname="org.nanohttpd.junit.router.TestNanolets" time="0"/>
  <testcase name="illegalMethod3" classname="org.nanohttpd.junit.router.TestNanolets" time="0"/>
  <testcase name="illegalMethod4" classname="org.nanohttpd.junit.router.TestNanolets" time="0.001"/>
  <testcase name="testIndexHandlerGetMimeType" classname="org.nanohttpd.junit.router.TestNanolets" time="0"/>
  <testcase name="staticFiles" classname="org.nanohttpd.junit.router.TestNanolets" time="0.139"/>
  <testcase name="uriToString" classname="org.nanohttpd.junit.router.TestNanolets" time="0.001"/>
  <testcase name="doStreamOfData" classname="org.nanohttpd.junit.router.TestNanolets" time="0.007"/>
  <testcase name="testError404UriHandlerGetMimeType" classname="org.nanohttpd.junit.router.TestNanolets" time="0"/>
  <testcase name="doNonRouterRequest" classname="org.nanohttpd.junit.router.TestNanolets" time="0.009"/>
  <testcase name="doMissingHandler" classname="org.nanohttpd.junit.router.TestNanolets" time="0.006"/>
  <testcase name="testRoutePrioritizerRemoveRouteNoRouteMatches" classname="org.nanohttpd.junit.router.TestNanolets" time="0.001"/>
  <testcase name="doOtherMethod" classname="org.nanohttpd.junit.router.TestNanolets" time="0.006"/>
</testsuite>